INFO 2022-04-10 12:38:04,312 - Starting Research
INFO 2022-04-10 12:44:16,532 - Starting Research
INFO 2022-04-10 12:52:15,312 - Starting Research
INFO 2022-04-10 12:53:11,932 - Starting Research
INFO 2022-04-10 12:53:26,805 - Starting Research
INFO 2022-04-10 13:20:31,910 - Starting Research
INFO 2022-04-10 13:20:59,363 - Starting Research
INFO 2022-04-10 13:22:53,636 - Starting Research
INFO 2022-04-10 13:23:10,087 - teststtst
INFO 2022-04-10 13:31:06,476 - Starting Research
INFO 2022-04-10 13:31:11,912 - teststtst
INFO 2022-04-10 13:31:17,096 - Starting Research
INFO 2022-04-10 13:31:17,110 - teststtst
INFO 2022-04-10 17:10:59,315 - Starting Research
INFO 2022-04-10 17:11:05,029 - teststtst
INFO 2022-04-10 17:11:20,478 - Starting Research
INFO 2022-04-10 17:12:57,928 - Starting Research
INFO 2022-04-10 17:15:07,073 - Starting Research
INFO 2022-04-10 17:16:33,424 - Starting Research
INFO 2022-04-10 17:18:21,486 - Starting Research
INFO 2022-04-10 17:18:56,309 - Starting Research
INFO 2022-04-10 17:18:56,433 - teststtst
INFO 2022-04-10 17:19:02,226 - Starting Research
INFO 2022-04-10 17:20:28,944 - Starting Research
INFO 2022-04-10 17:20:41,591 - Starting Research
INFO 2022-04-10 17:20:51,066 - Starting Research
INFO 2022-04-10 17:20:51,198 - teststtst
INFO 2022-04-10 17:49:27,641 - Starting Research
INFO 2022-04-10 17:49:27,642 - Reading files in 3
INFO 2022-04-10 17:49:27,642 - Merging files into ./tmp/merged_files.txt
INFO 2022-04-10 17:49:27,661 - Start of data processing
INFO 2022-04-10 17:49:40,436 - Starting Research
INFO 2022-04-10 17:49:40,436 - Reading files in 3
INFO 2022-04-10 17:49:40,437 - Merging files into ./tmp/merged_files.txt
INFO 2022-04-10 17:49:40,456 - Start of data processing
INFO 2022-04-10 17:50:01,215 - Starting Research
INFO 2022-04-10 17:50:01,215 - Reading files in 3
INFO 2022-04-10 17:50:01,216 - Merging files into ./tmp/merged_files.txt
INFO 2022-04-10 17:50:01,235 - Start of data processing
INFO 2022-04-10 17:50:11,741 - teststtst
INFO 2022-04-10 17:50:26,504 - Starting Research
INFO 2022-04-10 17:50:26,505 - Reading files in 3
INFO 2022-04-10 17:50:26,505 - Merging files into ./tmp/merged_files.txt
INFO 2022-04-10 17:50:26,526 - Start of data processing
INFO 2022-04-10 17:50:29,181 - teststtst
INFO 2022-04-10 17:50:35,455 - Starting Research
INFO 2022-04-10 17:50:35,455 - Reading files in 3
INFO 2022-04-10 17:50:35,455 - Merging files into ./tmp/merged_files.txt
INFO 2022-04-10 17:50:35,467 - Start of data processing
INFO 2022-04-10 17:50:35,498 - teststtst
INFO 2022-04-10 17:52:17,384 - Starting Research
INFO 2022-04-10 17:52:17,384 - Reading files in 3
INFO 2022-04-10 17:52:17,384 - Merging files into ./tmp/merged_files.txt
INFO 2022-04-10 17:52:17,398 - Start of data processing
INFO 2022-04-10 17:52:17,430 - Starting dumping data, API Mode: false
INFO 2022-04-10 17:52:17,430 - teststtst
INFO 2022-04-10 17:55:28,167 - Starting Research
INFO 2022-04-10 17:55:28,167 - Reading files in 3
INFO 2022-04-10 17:55:28,167 - Merging files into ./tmp/merged_files.txt
INFO 2022-04-10 17:55:28,179 - Start of data processing
INFO 2022-04-10 17:55:28,212 - Starting dumping data, API Mode: false
ERROR 2022-04-10 17:55:28,212 - Error sendData module: unhashable type: 'dict'
INFO 2022-04-10 17:55:28,212 - Data processing finished
INFO 2022-04-10 17:59:12,054 - Starting Research
INFO 2022-04-10 17:59:12,055 - Reading files in 3
INFO 2022-04-10 17:59:12,055 - Merging files into ./tmp/merged_files.txt
INFO 2022-04-10 17:59:12,067 - Start of data processing
INFO 2022-04-10 17:59:12,098 - Starting dumping data, API Mode: false
INFO 2022-04-10 17:59:12,101 - Data processing finished
INFO 2022-04-10 18:01:04,943 - Starting Research
INFO 2022-04-10 18:01:04,943 - Reading files in 3
INFO 2022-04-10 18:01:04,944 - Merging files into ./tmp/merged_files.txt
INFO 2022-04-10 18:01:04,957 - Start of data processing
INFO 2022-04-10 18:01:04,988 - Starting dumping data, API Mode: false
INFO 2022-04-10 18:01:04,991 - Data processing finished
INFO 2022-04-10 18:06:06,737 - Starting Research
INFO 2022-04-10 18:06:06,737 - Reading files in 3
INFO 2022-04-10 18:06:06,737 - Merging files into ./tmp/merged_files.txt
INFO 2022-04-10 18:06:06,749 - Start of data processing
INFO 2022-04-10 18:06:06,778 - Starting dumping data, API Mode: true
INFO 2022-04-10 18:06:06,782 - Data processing finished
INFO 2022-04-10 18:11:36,003 - Starting Research
INFO 2022-04-10 18:11:36,003 - Reading files in 3
INFO 2022-04-10 18:11:36,003 - Merging files into ./tmp/merged_files.txt
INFO 2022-04-10 18:11:36,016 - Start of data processing
INFO 2022-04-10 18:11:36,048 - Starting dumping data into ../src/output/data.json
ERROR 2022-04-10 18:11:36,048 - Error sendData module: [Errno 2] No such file or directory: '../src/output/data.json'
INFO 2022-04-10 18:11:36,048 - Data processing finished
INFO 2022-04-10 18:12:03,774 - Starting Research
INFO 2022-04-10 18:12:03,775 - Reading files in 3
INFO 2022-04-10 18:12:03,775 - Merging files into ./tmp/merged_files.txt
INFO 2022-04-10 18:12:03,797 - Start of data processing
INFO 2022-04-10 18:12:03,840 - Starting dumping data into ../src/output/data.json
ERROR 2022-04-10 18:12:14,945 - Error sendData module: [Errno 2] No such file or directory: '../src/output/data.json'
INFO 2022-04-10 18:13:20,048 - Starting Research
INFO 2022-04-10 18:13:20,049 - Reading files in 3
INFO 2022-04-10 18:13:20,049 - Merging files into ./tmp/merged_files.txt
INFO 2022-04-10 18:13:20,070 - Start of data processing
INFO 2022-04-10 18:13:20,112 - Starting dumping data into ../src/output/
ERROR 2022-04-10 18:13:28,933 - Error sendData module: [Errno 2] No such file or directory: '../src/output/data.json'
INFO 2022-04-10 18:13:39,448 - Starting Research
INFO 2022-04-10 18:13:39,449 - Reading files in 3
INFO 2022-04-10 18:13:39,449 - Merging files into ./tmp/merged_files.txt
INFO 2022-04-10 18:13:39,461 - Start of data processing
INFO 2022-04-10 18:13:39,493 - Starting dumping data into ../src/output/
ERROR 2022-04-10 18:13:39,493 - Error sendData module: [Errno 2] No such file or directory: '../src/output/data.json'
INFO 2022-04-10 18:13:39,493 - Data processing finished
INFO 2022-04-10 18:15:34,429 - Starting Research
INFO 2022-04-10 18:15:34,430 - Reading files in 3
INFO 2022-04-10 18:15:34,430 - Merging files into ./tmp/merged_files.txt
INFO 2022-04-10 18:15:34,442 - Start of data processing
INFO 2022-04-10 18:15:34,474 - Starting dumping data into data.json
INFO 2022-04-10 18:15:34,484 - Data processing finished
INFO 2022-04-10 18:17:30,807 - Starting Research
INFO 2022-04-10 18:17:30,808 - Reading files in 3
INFO 2022-04-10 18:17:30,808 - Merging files into ./tmp/merged_files.txt
INFO 2022-04-10 18:17:30,820 - Start of data processing
INFO 2022-04-10 18:17:30,853 - Starting dumping data into data.json
INFO 2022-04-10 18:17:30,866 - Data processing finished
INFO 2022-04-10 18:18:31,270 - Starting Research
INFO 2022-04-10 18:18:31,271 - Reading files in 3
INFO 2022-04-10 18:18:31,271 - Merging files into ./tmp/merged_files.txt
INFO 2022-04-10 18:18:31,283 - Start of data processing
INFO 2022-04-10 18:18:31,315 - Starting dumping data into data.json
INFO 2022-04-10 18:18:31,341 - Data processing finished
INFO 2022-04-10 18:19:09,910 - Starting Research
INFO 2022-04-10 18:19:09,911 - Reading files in 3
INFO 2022-04-10 18:19:09,911 - Merging files into ./tmp/merged_files.txt
INFO 2022-04-10 18:19:09,923 - Start of data processing
INFO 2022-04-10 18:19:09,955 - Starting dumping data into data.json
INFO 2022-04-10 18:19:09,967 - Data processing finished
INFO 2022-04-10 18:19:43,773 - Starting Research
INFO 2022-04-10 18:19:43,774 - Reading files in 3
INFO 2022-04-10 18:19:43,774 - Merging files into ./tmp/merged_files.txt
INFO 2022-04-10 18:19:43,786 - Start of data processing
INFO 2022-04-10 18:19:43,817 - Starting dumping data into ../src/output/data.json
INFO 2022-04-10 18:19:43,829 - Data processing finished
INFO 2022-04-10 18:23:05,662 - Starting Research
INFO 2022-04-10 18:23:05,662 - Reading 3 files
INFO 2022-04-10 18:23:05,662 - Merging files into ./tmp/merged_files.txt
INFO 2022-04-10 18:23:05,682 - Start of data processing
INFO 2022-04-10 18:23:05,723 - Starting dumping data into ../src/output/data.json
INFO 2022-04-10 18:24:29,456 - Starting Research
INFO 2022-04-10 18:24:29,457 - Reading 3 files
INFO 2022-04-10 18:24:29,457 - Merging files into ./tmp/merged_files.txt
INFO 2022-04-10 18:24:29,469 - Start of data processing
INFO 2022-04-10 18:24:29,501 - Starting dumping data into ../src/output/data.json
INFO 2022-04-10 18:24:29,513 - Data processing finished
INFO 2022-04-10 18:28:25,627 - Starting Research
INFO 2022-04-10 18:28:25,628 - Reading 3 files
INFO 2022-04-10 18:28:25,628 - Merging files into ./tmp/merged_files.txt
INFO 2022-04-10 18:28:50,279 - Starting Research
INFO 2022-04-10 18:28:50,279 - Reading 3 files
INFO 2022-04-10 18:28:50,280 - Merging files into ./tmp/merged_files.txt
INFO 2022-04-10 18:28:50,288 - Start of data processing
ERROR 2022-04-10 18:28:50,289 - Error dataProcessing module: not readable
INFO 2022-04-10 18:28:50,289 - Starting dumping data into ../src/output/data.json
INFO 2022-04-10 18:28:50,289 - Data processing finished
INFO 2022-04-10 18:29:51,203 - Starting Research
INFO 2022-04-10 18:29:51,204 - Reading 3 files
INFO 2022-04-10 18:29:51,204 - Merging files into ./tmp/merged_files.txt
INFO 2022-04-10 18:29:51,212 - Start of data processing
ERROR 2022-04-10 18:29:51,212 - Error dataProcessing module: 'NoneType' object is not iterable
INFO 2022-04-10 18:29:51,213 - Starting dumping data into ../src/output/data.json
INFO 2022-04-10 18:29:51,213 - Data processing finished
INFO 2022-04-10 18:30:05,769 - Starting Research
INFO 2022-04-10 18:30:05,770 - Reading 3 files
INFO 2022-04-10 18:30:05,770 - Merging files into ./tmp/merged_files.txt
ERROR 2022-04-10 18:30:05,779 - Error readFiles module: name 'txt_merged' is not defined
INFO 2022-04-10 18:30:05,779 - Start of data processing
ERROR 2022-04-10 18:30:05,779 - Error dataProcessing module: 'NoneType' object is not iterable
INFO 2022-04-10 18:30:05,779 - Starting dumping data into ../src/output/data.json
INFO 2022-04-10 18:30:05,779 - Data processing finished
INFO 2022-04-10 18:30:12,453 - Starting Research
INFO 2022-04-10 18:30:12,454 - Reading 3 files
INFO 2022-04-10 18:30:12,454 - Merging files into ./tmp/merged_files.txt
INFO 2022-04-10 18:30:12,465 - Start of data processing
INFO 2022-04-10 18:30:12,497 - Starting dumping data into ../src/output/data.json
INFO 2022-04-10 18:30:12,509 - Data processing finished
